  LinkedListTest.cpp
c:\users\t_corbk\documents\github\cs-260\linkedlists\linkedlists\unorderedlist.h(225): error C2678: binary '!=': no operator found which takes a left-hand operand of type 'int' (or there is no acceptable conversion)
  c:\program files (x86)\microsoft visual studio\2017\community\vc\tools\msvc\14.13.26128\include\system_error(392): note: could be 'bool std::operator !=(const std::error_condition &,const std::error_condition &) noexcept'
  c:\program files (x86)\microsoft visual studio\2017\community\vc\tools\msvc\14.13.26128\include\system_error(387): note: or       'bool std::operator !=(const std::error_condition &,const std::error_code &) noexcept'
  c:\program files (x86)\microsoft visual studio\2017\community\vc\tools\msvc\14.13.26128\include\system_error(382): note: or       'bool std::operator !=(const std::error_code &,const std::error_condition &) noexcept'
  c:\program files (x86)\microsoft visual studio\2017\community\vc\tools\msvc\14.13.26128\include\system_error(377): note: or       'bool std::operator !=(const std::error_code &,const std::error_code &) noexcept'
  c:\program files (x86)\microsoft visual studio\2017\community\vc\tools\msvc\14.13.26128\include\exception(344): note: or       'bool std::operator !=(const std::exception_ptr &,std::nullptr_t) noexcept'
  c:\program files (x86)\microsoft visual studio\2017\community\vc\tools\msvc\14.13.26128\include\exception(339): note: or       'bool std::operator !=(std::nullptr_t,const std::exception_ptr &) noexcept'
  c:\program files (x86)\microsoft visual studio\2017\community\vc\tools\msvc\14.13.26128\include\exception(334): note: or       'bool std::operator !=(const std::exception_ptr &,const std::exception_ptr &) noexcept'
  c:\users\t_corbk\documents\github\cs-260\linkedlists\linkedlists\student.h(30): note: or       'bool operator !=(const Student &,const Student &)' [found using argument-dependent lookup]
  c:\users\t_corbk\documents\github\cs-260\linkedlists\linkedlists\unorderedlist.h(225): note: while trying to match the argument list '(int, Student)'
  c:\users\t_corbk\documents\github\cs-260\linkedlists\linkedlists\unorderedlist.h(214): note: while compiling class template member function 'int UnOrderedList<Student>::find(T) const'
          with
          [
              T=Student
          ]
  c:\users\t_corbk\documents\github\cs-260\linkedlists\linkedlists\linkedlisttest.cpp(78): note: see reference to function template instantiation 'int UnOrderedList<Student>::find(T) const' being compiled
          with
          [
              T=Student
          ]
  c:\users\t_corbk\documents\github\cs-260\linkedlists\linkedlists\linkedlisttest.cpp(65): note: see reference to class template instantiation 'UnOrderedList<Student>' being compiled
c:\users\t_corbk\documents\github\cs-260\linkedlists\linkedlists\unorderedlist.h(233): error C2678: binary '==': no operator found which takes a left-hand operand of type 'int' (or there is no acceptable conversion)
  c:\program files (x86)\microsoft visual studio\2017\community\vc\tools\msvc\14.13.26128\include\system_error(370): note: could be 'bool std::operator ==(const std::error_condition &,const std::error_condition &) noexcept'
  c:\program files (x86)\microsoft visual studio\2017\community\vc\tools\msvc\14.13.26128\include\system_error(364): note: or       'bool std::operator ==(const std::error_condition &,const std::error_code &) noexcept'
  c:\program files (x86)\microsoft visual studio\2017\community\vc\tools\msvc\14.13.26128\include\system_error(358): note: or       'bool std::operator ==(const std::error_code &,const std::error_condition &) noexcept'
  c:\program files (x86)\microsoft visual studio\2017\community\vc\tools\msvc\14.13.26128\include\system_error(352): note: or       'bool std::operator ==(const std::error_code &,const std::error_code &) noexcept'
  c:\program files (x86)\microsoft visual studio\2017\community\vc\tools\msvc\14.13.26128\include\exception(329): note: or       'bool std::operator ==(const std::exception_ptr &,std::nullptr_t) noexcept'
  c:\program files (x86)\microsoft visual studio\2017\community\vc\tools\msvc\14.13.26128\include\exception(324): note: or       'bool std::operator ==(std::nullptr_t,const std::exception_ptr &) noexcept'
  c:\program files (x86)\microsoft visual studio\2017\community\vc\tools\msvc\14.13.26128\include\exception(319): note: or       'bool std::operator ==(const std::exception_ptr &,const std::exception_ptr &) noexcept'
  c:\users\t_corbk\documents\github\cs-260\linkedlists\linkedlists\student.h(22): note: or       'bool operator ==(const Student &,const Student &)' [found using argument-dependent lookup]
  c:\users\t_corbk\documents\github\cs-260\linkedlists\linkedlists\unorderedlist.h(233): note: while trying to match the argument list '(int, Student)'
